[main 0661ae1] Auto-update dashboard data
 1 file changed, 1 insertion(+), 1 deletion(-)
fatal: could not read Username for 'https://github.com': Device not configured
[main 66dfddb] Auto-update dashboard data
 2 files changed, 4 insertions(+), 1 deletion(-)
 create mode 100644 cron.log
fatal: could not read Username for 'https://github.com': Device not configured
[main 8ae43e8] Auto-update dashboard data
 1 file changed, 1 insertion(+), 1 deletion(-)
fatal: could not read Username for 'https://github.com': Device not configured
[main 18edc9e] Auto-update dashboard data
 2 files changed, 4 insertions(+), 1 deletion(-)
fatal: could not read Username for 'https://github.com': Device not configured
[main 5e2c325] Auto-update dashboard data
 2 files changed, 4 insertions(+), 1 deletion(-)
fatal: could not read Username for 'https://github.com': Device not configured
[main 5acac98] Auto-update dashboard data
 2 files changed, 4 insertions(+), 1 deletion(-)
fatal: could not read Username for 'https://github.com': Device not configured
[main 15364b0] Auto-update dashboard data
 2 files changed, 4 insertions(+), 1 deletion(-)
fatal: unable to access 'https://github.com/Leivascody/ai-command-center.git/': Could not resolve host: github.com
[main cdcc94d] Auto-update dashboard data
 2 files changed, 4 insertions(+), 1 deletion(-)
fatal: could not read Username for 'https://github.com': Device not configured
[main 90c5340] Auto-update dashboard data
 2 files changed, 4 insertions(+), 1 deletion(-)
fatal: could not read Username for 'https://github.com': Device not configured
[main 1856b53] Auto-update dashboard data
 2 files changed, 4 insertions(+), 1 deletion(-)
fatal: could not read Username for 'https://github.com': Device not configured
[main bb191d9] Auto-update dashboard data
 2 files changed, 4 insertions(+), 1 deletion(-)
fatal: could not read Username for 'https://github.com': Device not configured
[main 49e6325] Auto-update dashboard data
 2 files changed, 4 insertions(+), 1 deletion(-)
fatal: could not read Username for 'https://github.com': Device not configured
[main 467e3ab] Auto-update dashboard data
 2 files changed, 4 insertions(+), 1 deletion(-)
fatal: could not read Username for 'https://github.com': Device not configured
[main ab6f7a3] Auto-update dashboard data
 2 files changed, 4 insertions(+), 1 deletion(-)
fatal: could not read Username for 'https://github.com': Device not configured
[main 68871ed] Auto-update dashboard data
 2 files changed, 4 insertions(+), 1 deletion(-)
fatal: could not read Username for 'https://github.com': Device not configured
[main fe55b55] Auto-update dashboard data
 2 files changed, 4 insertions(+), 1 deletion(-)
fatal: could not read Username for 'https://github.com': Device not configured
[main 55144f9] Auto-update dashboard data
 2 files changed, 4 insertions(+), 1 deletion(-)
fatal: could not read Username for 'https://github.com': Device not configured
[main aba6213] Auto-update dashboard data
 2 files changed, 4 insertions(+), 1 deletion(-)
fatal: could not read Username for 'https://github.com': Device not configured
[main 33a8b6a] Auto-update dashboard data
 2 files changed, 4 insertions(+), 1 deletion(-)
fatal: could not read Username for 'https://github.com': Device not configured
